<?xml version="1.0" encoding="UTF-8"?>
<!-- Generated by org.testng.reporters.JUnitXMLReporter -->
<testsuite ignored="8" hostname="LTIN212763" failures="0" tests="5" name="ChromeTest" time="53.686" errors="0" timestamp="2024-02-28T00:04:23 IST">
  <testcase classname="TestCases.TC__01_HomePage" name="validHomepage" time="0.067"/>
  <testcase classname="TestCases.TC__01_HomePage" name="searchDesiredoptionlocation" time="4.86"/>
  <testcase classname="TestCases.TC__01_HomePage" name="searchDesiredoptionspeciality" time="6.22"/>
  <testcase classname="TestCases.TC__01_HomePage" name="checkDetails" time="0.032"/>
  <testcase classname="TestCases.TC__01_HomePage" name="AllFilters" time="22.256"/>
  <testcase classname="TestCases.TC__02_SurgeryPage" name="SurgeriesList" time="0.0">
    <ignored/>
  </testcase> <!-- SurgeriesList -->
  <testcase classname="TestCases.TC__02_SurgeryPage" name="validation" time="0.0">
    <ignored/>
  </testcase> <!-- validation -->
  <testcase classname="TestCases.TC__03_HealthandWellnessPage" name="validate_Thankyou" time="0.0">
    <ignored/>
  </testcase> <!-- validate_Thankyou -->
  <testcase classname="TestCases.TC__03_HealthandWellnessPage" name="clickAgainWithExcelData" time="0.0">
    <ignored/>
  </testcase> <!-- clickAgainWithExcelData -->
  <testcase classname="TestCases.TC__03_HealthandWellnessPage" name="click" time="0.0">
    <ignored/>
  </testcase> <!-- click -->
  <testcase classname="TestCases.TC__03_HealthandWellnessPage" name="clickAgainWithDataProvider" time="0.0">
    <ignored/>
  </testcase> <!-- clickAgainWithDataProvider -->
  <testcase classname="TestCases.TC__01_HomePage" name="Doctorname" time="0.0">
    <ignored/>
  </testcase> <!-- Doctorname -->
  <testcase classname="TestCases.TC__03_HealthandWellnessPage" name="clickOnceAgain" time="0.0">
    <ignored/>
  </testcase> <!-- clickOnceAgain -->
</testsuite> <!-- ChromeTest -->
