<?xml version="1.0" encoding="UTF-8"?>
<!-- Generated by org.testng.reporters.JUnitXMLReporter -->
<testsuite ignored="0" hostname="LTIN212763" failures="0" tests="7" name="Test" time="45.215" errors="0" timestamp="2024-02-18T13:39:20 IST">
  <testcase classname="TestCases.TC__01_HomePage" name="validHomepage" time="0.131"/>
  <testcase classname="TestCases.TC__01_HomePage" name="searchDesiredoption" time="11.4"/>
  <testcase classname="TestCases.TC__01_HomePage" name="checkDetails" time="0.112"/>
  <testcase classname="TestCases.TC__01_HomePage" name="AllFilters" time="4.358"/>
  <testcase classname="TestCases.TC__01_HomePage" name="Doctorname" time="0.304"/>
  <testcase classname="TestCases.TC__02_SurgeryPage" name="validation" time="0.006"/>
  <testcase classname="TestCases.TC__02_SurgeryPage" name="SurgeriesList" time="3.184"/>
</testsuite> <!-- Test -->
